[debug] [2020-06-27T12:05:26.340Z] ----------------------------------------------------------------------
[debug] [2020-06-27T12:05:26.342Z] Command:       /usr/local/bin/node /usr/local/bin/firebase emulators:start --only functions
[debug] [2020-06-27T12:05:26.342Z] CLI Version:   8.4.3
[debug] [2020-06-27T12:05:26.342Z] Platform:      darwin
[debug] [2020-06-27T12:05:26.343Z] Node Version:  v12.13.0
[debug] [2020-06-27T12:05:26.358Z] Time:          Sat Jun 27 2020 08:05:26 GMT-0400 (GMT-04:00)
[debug] [2020-06-27T12:05:26.358Z] ----------------------------------------------------------------------
[debug] [2020-06-27T12:05:26.358Z] 
[debug] [2020-06-27T12:05:26.369Z] > command requires scopes: ["email","openid","https://www.googleapis.com/auth/cloudplatformprojects.readonly","https://www.googleapis.com/auth/firebase","https://www.googleapis.com/auth/cloud-platform"]
[debug] [2020-06-27T12:05:26.369Z] > authorizing via signed-in user
[info] i  emulators: Starting emulators: functions {"metadata":{"emulator":{"name":"hub"},"message":"Starting emulators: functions"}}
[debug] [2020-06-27T12:05:26.396Z] [hub] writing locator at /var/folders/tq/z8_0x9g90sldxmftgj0t4b2r0000gn/T/hub-instatest-df614.json
[warn] ⚠  Your requested "node" version "8" doesn't match your global version "12" {"metadata":{"emulator":{"name":"functions"},"message":"Your requested \"node\" version \"8\" doesn't match your global version \"12\""}}
[info] i  ui: downloading ui-v1.1.0.zip... {"metadata":{"emulator":{"name":"ui"},"message":"downloading ui-v1.1.0.zip..."}}
[debug] [2020-06-27T12:05:27.618Z] Ignoring unsupported arg: auto_download {"metadata":{"emulator":{"name":"ui"},"message":"Ignoring unsupported arg: auto_download"}}
[debug] [2020-06-27T12:05:27.618Z] Ignoring unsupported arg: port {"metadata":{"emulator":{"name":"ui"},"message":"Ignoring unsupported arg: port"}}
[debug] [2020-06-27T12:05:27.618Z] Starting Emulator UI with command {"binary":"node","args":["/Users/matiasclaro/.cache/firebase/emulators/ui-v1.1.0/server.bundle.js"],"optionalArgs":[],"joinArgs":false} {"metadata":{"emulator":{"name":"ui"},"message":"Starting Emulator UI with command {\"binary\":\"node\",\"args\":[\"/Users/matiasclaro/.cache/firebase/emulators/ui-v1.1.0/server.bundle.js\"],\"optionalArgs\":[],\"joinArgs\":false}"}}
[info] i  ui: Emulator UI logging to ui-debug.log {"metadata":{"emulator":{"name":"ui"},"message":"Emulator UI logging to \u001b[1mui-debug.log\u001b[22m"}}
[debug] [2020-06-27T12:05:27.779Z] Web / API server started at http://localhost:4000
 {"metadata":{"emulator":{"name":"ui"},"message":"Web / API server started at http://localhost:4000\n"}}
[info] i  functions: Watching "/Users/matiasclaro/Documents/instatest/functions" for Cloud Functions... {"metadata":{"emulator":{"name":"functions"},"message":"Watching \"/Users/matiasclaro/Documents/instatest/functions\" for Cloud Functions..."}}
[debug] [2020-06-27T12:05:27.901Z] [worker-pool] addWorker(~diagnostic~) {"metadata":{"emulator":{"name":"functions"},"message":"[worker-pool] addWorker(~diagnostic~)"}}
[debug] [2020-06-27T12:05:27.901Z] [worker-pool] Adding worker with key ~diagnostic~, total=1 {"metadata":{"emulator":{"name":"functions"},"message":"[worker-pool] Adding worker with key ~diagnostic~, total=1"}}
[debug] [2020-06-27T12:05:27.901Z] [worker-pool] submitWork(triggerId=) {"metadata":{"emulator":{"name":"functions"},"message":"[worker-pool] submitWork(triggerId=)"}}
[debug] [2020-06-27T12:05:27.903Z] [worker-~diagnostic~-b796e89c-af96-4bdf-8997-5ba32dcaa01f]: Assigning socketPath: /var/folders/tq/z8_0x9g90sldxmftgj0t4b2r0000gn/T/fire_emu_6253.sock {"metadata":{"emulator":{"name":"functions"},"message":"[worker-~diagnostic~-b796e89c-af96-4bdf-8997-5ba32dcaa01f]: Assigning socketPath: /var/folders/tq/z8_0x9g90sldxmftgj0t4b2r0000gn/T/fire_emu_6253.sock"}}
[debug] [2020-06-27T12:05:27.903Z] [worker-~diagnostic~-b796e89c-af96-4bdf-8997-5ba32dcaa01f]: BUSY {"metadata":{"emulator":{"name":"functions"},"message":"[worker-~diagnostic~-b796e89c-af96-4bdf-8997-5ba32dcaa01f]: BUSY"}}
[debug] [2020-06-27T12:05:28.312Z] [runtime-status] [6253] Functions runtime initialized. {"cwd":"/Users/matiasclaro/Documents/instatest/functions","node_version":"12.13.0"} {"metadata":{"emulator":{"name":"functions"},"message":"[runtime-status] [6253] Functions runtime initialized. {\"cwd\":\"/Users/matiasclaro/Documents/instatest/functions\",\"node_version\":\"12.13.0\"}"}}
[debug] [2020-06-27T12:05:28.312Z] [runtime-status] [6253] Disabled runtime features: undefined {"metadata":{"emulator":{"name":"functions"},"message":"[runtime-status] [6253] Disabled runtime features: undefined"}}
[debug] [2020-06-27T12:05:28.319Z] [runtime-status] [6253] Resolved module firebase-admin {"declared":true,"installed":true,"version":"8.12.1","resolution":"/Users/matiasclaro/Documents/instatest/functions/node_modules/firebase-admin/lib/index.js"} {"metadata":{"emulator":{"name":"functions"},"message":"[runtime-status] [6253] Resolved module firebase-admin {\"declared\":true,\"installed\":true,\"version\":\"8.12.1\",\"resolution\":\"/Users/matiasclaro/Documents/instatest/functions/node_modules/firebase-admin/lib/index.js\"}"}}
[debug] [2020-06-27T12:05:28.322Z] [runtime-status] [6253] Resolved module firebase-functions {"declared":true,"installed":true,"version":"3.7.0","resolution":"/Users/matiasclaro/Documents/instatest/functions/node_modules/firebase-functions/lib/index.js"} {"metadata":{"emulator":{"name":"functions"},"message":"[runtime-status] [6253] Resolved module firebase-functions {\"declared\":true,\"installed\":true,\"version\":\"3.7.0\",\"resolution\":\"/Users/matiasclaro/Documents/instatest/functions/node_modules/firebase-functions/lib/index.js\"}"}}
[debug] [2020-06-27T12:05:28.324Z] [runtime-status] [6253] Outgoing network have been stubbed. [{"name":"http","status":"mocked"},{"name":"http","status":"mocked"},{"name":"https","status":"mocked"},{"name":"https","status":"mocked"},{"name":"net","status":"mocked"}] {"metadata":{"emulator":{"name":"functions"},"message":"[runtime-status] [6253] Outgoing network have been stubbed. [{\"name\":\"http\",\"status\":\"mocked\"},{\"name\":\"http\",\"status\":\"mocked\"},{\"name\":\"https\",\"status\":\"mocked\"},{\"name\":\"https\",\"status\":\"mocked\"},{\"name\":\"net\",\"status\":\"mocked\"}]"}}
[debug] [2020-06-27T12:05:28.326Z] [runtime-status] [6253] Resolved module firebase-functions {"declared":true,"installed":true,"version":"3.7.0","resolution":"/Users/matiasclaro/Documents/instatest/functions/node_modules/firebase-functions/lib/index.js"} {"metadata":{"emulator":{"name":"functions"},"message":"[runtime-status] [6253] Resolved module firebase-functions {\"declared\":true,\"installed\":true,\"version\":\"3.7.0\",\"resolution\":\"/Users/matiasclaro/Documents/instatest/functions/node_modules/firebase-functions/lib/index.js\"}"}}
[debug] [2020-06-27T12:05:28.441Z] [runtime-status] [6253] Checked functions.config() {"config":{}} {"metadata":{"emulator":{"name":"functions"},"message":"[runtime-status] [6253] Checked functions.config() {\"config\":{}}"}}
[debug] [2020-06-27T12:05:28.441Z] [runtime-status] [6253] firebase-functions has been stubbed. {"functionsResolution":{"declared":true,"installed":true,"version":"3.7.0","resolution":"/Users/matiasclaro/Documents/instatest/functions/node_modules/firebase-functions/lib/index.js"}} {"metadata":{"emulator":{"name":"functions"},"message":"[runtime-status] [6253] firebase-functions has been stubbed. {\"functionsResolution\":{\"declared\":true,\"installed\":true,\"version\":\"3.7.0\",\"resolution\":\"/Users/matiasclaro/Documents/instatest/functions/node_modules/firebase-functions/lib/index.js\"}}"}}
[debug] [2020-06-27T12:05:28.442Z] [runtime-status] [6253] Resolved module firebase-functions {"declared":true,"installed":true,"version":"3.7.0","resolution":"/Users/matiasclaro/Documents/instatest/functions/node_modules/firebase-functions/lib/index.js"} {"metadata":{"emulator":{"name":"functions"},"message":"[runtime-status] [6253] Resolved module firebase-functions {\"declared\":true,\"installed\":true,\"version\":\"3.7.0\",\"resolution\":\"/Users/matiasclaro/Documents/instatest/functions/node_modules/firebase-functions/lib/index.js\"}"}}
[debug] [2020-06-27T12:05:28.443Z] [runtime-status] [6253] Resolved module firebase-admin {"declared":true,"installed":true,"version":"8.12.1","resolution":"/Users/matiasclaro/Documents/instatest/functions/node_modules/firebase-admin/lib/index.js"} {"metadata":{"emulator":{"name":"functions"},"message":"[runtime-status] [6253] Resolved module firebase-admin {\"declared\":true,\"installed\":true,\"version\":\"8.12.1\",\"resolution\":\"/Users/matiasclaro/Documents/instatest/functions/node_modules/firebase-admin/lib/index.js\"}"}}
[debug] [2020-06-27T12:05:28.443Z] [runtime-status] [6253] Resolved module firebase-functions {"declared":true,"installed":true,"version":"3.7.0","resolution":"/Users/matiasclaro/Documents/instatest/functions/node_modules/firebase-functions/lib/index.js"} {"metadata":{"emulator":{"name":"functions"},"message":"[runtime-status] [6253] Resolved module firebase-functions {\"declared\":true,\"installed\":true,\"version\":\"3.7.0\",\"resolution\":\"/Users/matiasclaro/Documents/instatest/functions/node_modules/firebase-functions/lib/index.js\"}"}}
[debug] [2020-06-27T12:05:28.443Z] [runtime-status] [6253] firebase-admin has been stubbed. {"adminResolution":{"declared":true,"installed":true,"version":"8.12.1","resolution":"/Users/matiasclaro/Documents/instatest/functions/node_modules/firebase-admin/lib/index.js"}} {"metadata":{"emulator":{"name":"functions"},"message":"[runtime-status] [6253] firebase-admin has been stubbed. {\"adminResolution\":{\"declared\":true,\"installed\":true,\"version\":\"8.12.1\",\"resolution\":\"/Users/matiasclaro/Documents/instatest/functions/node_modules/firebase-admin/lib/index.js\"}}"}}
[info] 
┌───────────────────────────────────────────────────────────────────────┐
│ ✔  All emulators ready! View status and logs at http://localhost:4000 │
└───────────────────────────────────────────────────────────────────────┘

┌───────────┬────────────────┬─────────────────────────────────┐
│ Emulator  │ Host:Port      │ View in Emulator UI             │
├───────────┼────────────────┼─────────────────────────────────┤
│ Functions │ localhost:5001 │ http://localhost:4000/functions │
└───────────┴────────────────┴─────────────────────────────────┘
  Other reserved ports: 4400, 4500

Issues? Report them at https://github.com/firebase/firebase-tools/issues and attach the *-debug.log files.
 
[debug] [2020-06-27T12:05:28.449Z] [worker-~diagnostic~-b796e89c-af96-4bdf-8997-5ba32dcaa01f]: IDLE {"metadata":{"emulator":{"name":"functions"},"message":"[worker-~diagnostic~-b796e89c-af96-4bdf-8997-5ba32dcaa01f]: IDLE"}}
